<?xml version="1.0" encoding="UTF-8"?>
<testsuite name="chat.ChatApplicationTests" tests="1" skipped="1" failures="0" errors="0" timestamp="2015-02-25T10:36:42" hostname="anklam" time="0.002">
  <properties/>
  <testcase name="contextLoads" classname="chat.ChatApplicationTests" time="0.002">
    <skipped/>
  </testcase>
  <system-out><![CDATA[11:36:42.163 [Test worker] DEBUG o.s.t.c.j.SpringJUnit4ClassRunner - SpringJUnit4ClassRunner constructor called with [class chat.ChatApplicationTests].
11:36:42.181 [Test worker] DEBUG o.s.test.context.BootstrapUtils - Instantiating TestContextBootstrapper from class [org.springframework.test.context.web.WebTestContextBootstrapper]
11:36:42.205 [Test worker] DEBUG o.s.t.c.w.WebTestContextBootstrapper - Found explicit ContextLoader class [org.springframework.boot.test.SpringApplicationContextLoader] for context configuration attributes [ContextConfigurationAttributes@32a71830 declaringClass = 'chat.ChatApplicationTests', classes = '{class chat.ChatApplication}', locations = '{}', inheritLocations = true, initializers = '{}', inheritInitializers = true, name = [null], contextLoaderClass = 'org.springframework.boot.test.SpringApplicationContextLoader']
11:36:42.215 [Test worker] DEBUG o.s.t.c.support.ActiveProfilesUtils - Could not find an 'annotation declaring class' for annotation type [org.springframework.test.context.ActiveProfiles] and class [chat.ChatApplicationTests]
11:36:42.219 [Test worker] DEBUG o.s.t.c.w.WebTestContextBootstrapper - @TestExecutionListeners is not present for class [chat.ChatApplicationTests]: using defaults.
11:36:42.230 [Test worker] INFO  o.s.t.c.w.WebTestContextBootstrapper - Loaded default TestExecutionListener class names from location [META-INF/spring.factories]: [org.springframework.test.context.web.ServletTestExecutionListener, org.springframework.test.context.support.DependencyInjectionTestExecutionListener, org.springframework.test.context.support.DirtiesContextTestExecutionListener, org.springframework.test.context.transaction.TransactionalTestExecutionListener, org.springframework.test.context.jdbc.SqlScriptsTestExecutionListener]
11:36:42.254 [Test worker] INFO  o.s.t.c.w.WebTestContextBootstrapper - Using TestExecutionListeners: [org.springframework.test.context.web.ServletTestExecutionListener@38ee79e5, org.springframework.test.context.support.DependencyInjectionTestExecutionListener@3084c696, org.springframework.test.context.support.DirtiesContextTestExecutionListener@5d09babc, org.springframework.test.context.transaction.TransactionalTestExecutionListener@29c2bc5c, org.springframework.test.context.jdbc.SqlScriptsTestExecutionListener@2fdc516f]
11:36:42.258 [Test worker] DEBUG o.s.t.annotation.ProfileValueUtils - Retrieved @ProfileValueSourceConfiguration [null] for test class [chat.ChatApplicationTests]
11:36:42.259 [Test worker] DEBUG o.s.t.annotation.ProfileValueUtils - Retrieved ProfileValueSource type [class org.springframework.test.annotation.SystemProfileValueSource] for class [chat.ChatApplicationTests]
]]></system-out>
  <system-err><![CDATA[]]></system-err>
</testsuite>
